[debug] > Exec(early(addDefaultCommands), None, None)
[debug] > Exec(addDefaultCommands, None, None)
[debug] > Exec(early(initialize), None, None)
[debug] > Exec(initialize, None, None)
[debug] > Exec(boot, None, None)
[debug] > Exec(writeSbtVersion, None, None)
[debug] > Exec(reload, None, None)
[debug] > Exec(sbtStashOnFailure, None, None)
[debug] > Exec(onFailure loadFailed, None, None)
[debug] > Exec(loadp, None, None)
[info] welcome to sbt 1.9.8 (Eclipse Adoptium Java 21.0.1)
[debug] Load.defaultLoad until apply took 26.804583ms
[debug]           Load.loadUnit: plugins took 20.556291ms
[debug]           Load.loadUnit: defsScala took 0.074917ms
[debug] [Loading] Scanning directory /Users/derrickburns/Documents/GitHub/generalized-kmeans-clustering/project
[debug]             Load.loadUnit: mkEval took 2.232041ms
[debug] [Loading] Found non-root projects 
[debug] [Loading] Done in /Users/derrickburns/Documents/GitHub/generalized-kmeans-clustering/project, returning: ()
[debug] deducing auto plugins based on known facts Set(Atom(sbt.plugins.CorePlugin)) and clauses Clauses(Clause(Atom(sbt.plugins.JvmPlugin),Set(Atom(sbt.plugins.IvyPlugin)))
[debug] Clause(Atom(sbt.ScriptedPlugin),Set(Atom(sbt.plugins.JvmPlugin)))
[debug] Clause(Atom(sbt.plugins.SbtPlugin),Set(Atom(sbt.ScriptedPlugin)))
[debug] Clause(Atom(sbt.plugins.SemanticdbPlugin),Set(Atom(sbt.plugins.JvmPlugin)))
[debug] Clause(Atom(sbt.plugins.JUnitXmlReportPlugin),Set(Atom(sbt.plugins.JvmPlugin)))
[debug] Clause(Atom(sbt.plugins.MiniDependencyTreePlugin),Set(Atom(sbt.plugins.JvmPlugin)))
[debug] Clause(Atom(sbt.plugins.CorePlugin),Set(Atom(sbt.plugins.IvyPlugin)))
[debug] Clause(Atom(sbt.plugins.IvyPlugin),Set(Atom(sbt.plugins.JvmPlugin)))
[debug] Clause(Atom(sbt.plugins.JvmPlugin),Set(Atom(sbt.plugins.SemanticdbPlugin)))
[debug] Clause(Atom(sbt.plugins.JvmPlugin),Set(Atom(sbt.plugins.JUnitXmlReportPlugin)))
[debug] Clause(Atom(sbt.plugins.CorePlugin),Set(Atom(sbt.plugins.Giter8TemplatePlugin)))
[debug] Clause(Atom(sbt.plugins.JvmPlugin),Set(Atom(sbt.plugins.MiniDependencyTreePlugin))))
[debug]   :: deduced result: Matched(sbt.plugins.CorePlugin,sbt.plugins.Giter8TemplatePlugin,sbt.plugins.IvyPlugin,sbt.plugins.JvmPlugin,sbt.plugins.MiniDependencyTreePlugin,sbt.plugins.JUnitXmlReportPlugin,sbt.plugins.SemanticdbPlugin)
[debug] Plugins.deducer#function took 4.481959 ms
[info] loading settings for project generalized-kmeans-clustering-build from plugins.sbt ...
[debug]               Load.resolveProject(generalized-kmeans-clustering-build) took 14.259042ms
[debug]             Load.loadTransitive: finalizeProject(Project(id generalized-kmeans-clustering-build, base: /Users/derrickburns/Documents/GitHub/generalized-kmeans-clustering/project, plugins: List(<none>))) took 25.851084ms
[debug] [Loading] Done in /Users/derrickburns/Documents/GitHub/generalized-kmeans-clustering/project, returning: (generalized-kmeans-clustering-build)
[debug]           Load.loadUnit: loadedProjectsRaw took 44.312959ms
[debug]           Load.loadUnit: cleanEvalClasses took 0.050833ms
[debug]         Load.loadUnit(file:/Users/derrickburns/Documents/GitHub/generalized-kmeans-clustering/project/, ...) took 66.466666ms
[debug]       Load.apply: load took 322.08675ms
[debug]       Load.apply: resolveProjects took 1.942417ms
[debug]       Load.apply: finalTransforms took 23.94675ms
[debug]       Load.apply: config.delegates took 2.1605ms
[debug]       Load.apply: Def.make(settings)... took 136.744834ms
[debug]       Load.apply: structureIndex took 33.309041ms
[debug]       Load.apply: mkStreams took 0.641ms
[info] loading project definition from /Users/derrickburns/Documents/GitHub/generalized-kmeans-clustering/project
[debug] Running task... Cancel: Signal, check cycles: false, forcegc: true
[debug]     Load.loadUnit: plugins took 821.25075ms
[debug]     Load.loadUnit: defsScala took 0.001584ms
[debug] [Loading] Scanning directory /Users/derrickburns/Documents/GitHub/generalized-kmeans-clustering
[debug]       Load.loadUnit: mkEval took 0.06775ms
[debug] [Loading] Found non-root projects 
[debug] [Loading] Done in /Users/derrickburns/Documents/GitHub/generalized-kmeans-clustering, returning: ()
[debug] deducing auto plugins based on known facts Set(Atom(sbt.plugins.CorePlugin)) and clauses Clauses(Clause(Atom(sbt.plugins.JvmPlugin),Set(Atom(sbt.plugins.IvyPlugin)))
[debug] Clause(Atom(sbt.ScriptedPlugin),Set(Atom(sbt.plugins.JvmPlugin)))
[debug] Clause(Atom(sbt.plugins.SbtPlugin),Set(Atom(sbt.ScriptedPlugin)))
[debug] Clause(Atom(sbt.plugins.SemanticdbPlugin),Set(Atom(sbt.plugins.JvmPlugin)))
[debug] Clause(Atom(sbt.plugins.JUnitXmlReportPlugin),Set(Atom(sbt.plugins.JvmPlugin)))
[debug] Clause(Atom(sbt.plugins.MiniDependencyTreePlugin),Set(Atom(sbt.plugins.JvmPlugin)))
[debug] Clause(Atom(sbt.plugins.CorePlugin),Set(Atom(sbt.plugins.IvyPlugin)))
[debug] Clause(Atom(sbt.plugins.IvyPlugin),Set(Atom(sbt.plugins.JvmPlugin)))
[debug] Clause(Atom(sbt.plugins.JvmPlugin),Set(Atom(sbt.plugins.SemanticdbPlugin)))
[debug] Clause(Atom(sbt.plugins.JvmPlugin),Set(Atom(sbt.plugins.JUnitXmlReportPlugin)))
[debug] Clause(Atom(sbt.plugins.CorePlugin),Set(Atom(sbt.plugins.Giter8TemplatePlugin)))
[debug] Clause(Atom(sbt.plugins.JvmPlugin),Set(Atom(sbt.plugins.MiniDependencyTreePlugin))))
[debug]   :: deduced result: Matched(sbt.plugins.CorePlugin,sbt.plugins.Giter8TemplatePlugin,sbt.plugins.IvyPlugin,sbt.plugins.JvmPlugin,sbt.plugins.MiniDependencyTreePlugin,sbt.plugins.JUnitXmlReportPlugin,sbt.plugins.SemanticdbPlugin)
[debug] Plugins.deducer#function took 0.788 ms
[info] loading settings for project generalized-kmeans-clustering from build.sbt,version.sbt ...
[debug]         Load.resolveProject(generalized-kmeans-clustering) took 0.757334ms
[debug]       Load.loadTransitive: finalizeProject(Project(id generalized-kmeans-clustering, base: /Users/derrickburns/Documents/GitHub/generalized-kmeans-clustering, plugins: List(<none>))) took 1.7445ms
[debug] [Loading] Done in /Users/derrickburns/Documents/GitHub/generalized-kmeans-clustering, returning: (generalized-kmeans-clustering)
[debug]     Load.loadUnit: loadedProjectsRaw took 740.976583ms
[debug]     Load.loadUnit: cleanEvalClasses took 3.071125ms
[debug]   Load.loadUnit(file:/Users/derrickburns/Documents/GitHub/generalized-kmeans-clustering/, ...) took 1565.7735ms
[debug] Load.apply: load took 1570.86525ms
[debug] Load.apply: resolveProjects took 0.0525ms
[debug] Load.apply: finalTransforms took 3.9135ms
[debug] Load.apply: config.delegates took 0.211084ms
[debug] Load.apply: Def.make(settings)... took 39.559166ms
[debug] Load.apply: structureIndex took 11.642875ms
[debug] Load.apply: mkStreams took 0.002333ms
[info] set current project to massivedatascience-clusterer (in build file:/Users/derrickburns/Documents/GitHub/generalized-kmeans-clustering/)
[debug] > Exec(sbtPopOnFailure, None, None)
[debug] > Exec(resumeFromFailure, None, None)
[debug] > Exec(notifyUsersAboutShell, None, None)
[debug] > Exec(iflast shell, None, None)
[debug] > Exec(test, None, None)
[debug] Evaluating tasks: Test / test
[debug] Running task... Cancel: Signal, check cycles: false, forcegc: true
[info] TransformsTestSuite:
[info] - Dense Embedding
[info] - Haar Embedding
[info] BregmanTestSuite:
[info] - custom Bregman divergence
[info] - DenseSquaredEuclideanPointOps
[info] - DenseSimplexKLPointOps
[info] - DenseKLPointOps
[info] - DenseKLPointOps homogeneous
[info] - logistic loss
[info] - itakura-saito
[info] - gradient
[warn] Canceling execution...
[info] KMeansPlusPlusSuite:
[info] Exception encountered when attempting to run a suite with class name: com.massivedatascience.clusterer.KMeansPlusPlusSuite *** ABORTED ***
[info]   java.lang.ExceptionInInitializerError:
[info]   at scala.collection.parallel.ParIterableLike$class.$init$(ParIterableLike.scala:166)
[info]   at scala.collection.parallel.mutable.ParArray.<init>(ParArray.scala:58)
[info]   at scala.collection.parallel.mutable.ParArray$.wrapOrRebuild(ParArray.scala:702)
[info]   at scala.collection.parallel.mutable.ParArray$.handoff(ParArray.scala:700)
[info]   at scala.collection.mutable.ArrayBuffer.par(ArrayBuffer.scala:74)
[info]   at scala.collection.mutable.ArrayBuffer.par(ArrayBuffer.scala:47)
[info]   at com.massivedatascience.clusterer.KMeansPlusPlus.updateDistances(KMeansPlusPlus.scala:124)
[info]   at com.massivedatascience.clusterer.KMeansPlusPlus.goodCenters(KMeansPlusPlus.scala:95)
[info]   at com.massivedatascience.clusterer.KMeansPlusPlusSuite$$anonfun$1.apply$mcV$sp(KMeansPlusPlusSuite.scala:45)
[info]   at com.massivedatascience.clusterer.KMeansPlusPlusSuite$$anonfun$1.apply(KMeansPlusPlusSuite.scala:28)
[info]   ...
[info]   Cause: java.lang.NumberFormatException: Not a version: 21
[info]   at scala.util.PropertiesTrait$class.parts$1(Properties.scala:176)
[info]   at scala.util.PropertiesTrait$class.isJavaAtLeast(Properties.scala:180)
[info]   at scala.util.Properties$.isJavaAtLeast(Properties.scala:16)
[info]   at scala.collection.parallel.package$.getTaskSupport(package.scala:45)
[info]   at scala.collection.parallel.package$.<init>(package.scala:48)
[info]   at scala.collection.parallel.package$.<clinit>(package.scala)
[info]   at scala.collection.parallel.ParIterableLike$class.$init$(ParIterableLike.scala:166)
[info]   at scala.collection.parallel.mutable.ParArray.<init>(ParArray.scala:58)
[info]   at scala.collection.parallel.mutable.ParArray$.wrapOrRebuild(ParArray.scala:702)
[info]   at scala.collection.parallel.mutable.ParArray$.handoff(ParArray.scala:700)
[info]   ...
[info] MultiKMeansClustererSuite:
[info] - apply method
[info] Exception encountered when attempting to run a suite with class name: com.massivedatascience.clusterer.MultiKMeansClustererSuite *** ABORTED ***
[info]   java.lang.InterruptedException: sleep interrupted
[info]   at java.base/java.lang.Thread.sleep0(Native Method)
[info]   at java.base/java.lang.Thread.sleep(Thread.java:509)
[info]   at org.spark-project.jetty.util.thread.QueuedThreadPool.doStop(QueuedThreadPool.java:122)
[info]   at org.spark-project.jetty.util.component.AbstractLifeCycle.stop(AbstractLifeCycle.java:89)
[info]   at org.spark-project.jetty.util.component.AggregateLifeCycle.doStop(AggregateLifeCycle.java:107)
[info]   at org.spark-project.jetty.server.handler.AbstractHandler.doStop(AbstractHandler.java:69)
[info]   at org.spark-project.jetty.server.handler.HandlerWrapper.doStop(HandlerWrapper.java:108)
[info]   at org.spark-project.jetty.server.Server.doStop(Server.java:343)
[info]   at org.spark-project.jetty.util.component.AbstractLifeCycle.stop(AbstractLifeCycle.java:89)
[info]   at org.apache.spark.ui.WebUI.stop(WebUI.scala:118)
[info]   ...
